<?xml version="1.0" encoding="UTF-8"?>
<!-- Generated by org.testng.reporters.JUnitReportReporter -->
<testsuite skipped="0" hostname="DESKTOP-6IT123O" name="may14.Testdata" tests="1" failures="0" timestamp="02 Aug 2022 09:45:37 GMT" time="10.442" errors="0">
  <testcase name="validatedata" time="10.442" classname="may14.Testdata"/>
</testsuite> <!-- may14.Testdata -->
