<?xml version="1.0" encoding="UTF-8"?>
<!-- Generated by org.testng.reporters.JUnitReportReporter -->
<testsuite skipped="0" hostname="DESKTOP-6IT123O" name="Screenshots.TakeScreenshot" tests="1" failures="0" timestamp="03 Aug 2022 10:07:20 GMT" time="14.175" errors="0">
  <testcase name="TestOrangeHRM" time="14.175" classname="Screenshots.TakeScreenshot"/>
</testsuite> <!-- Screenshots.TakeScreenshot -->
