<?xml version="1.0" encoding="UTF-8"?>
<!-- Generated by org.testng.reporters.JUnitReportReporter -->
<testsuite skipped="0" hostname="DESKTOP-6IT123O" name="may12.SecondTestNgClass" tests="3" failures="0" timestamp="09 Oct 2022 05:40:50 GMT" time="1.722" errors="0">
  <testcase name="branches" time="0.615" classname="may12.SecondTestNgClass"/>
  <testcase name="roles" time="0.576" classname="may12.SecondTestNgClass"/>
  <testcase name="users" time="0.531" classname="may12.SecondTestNgClass"/>
</testsuite> <!-- may12.SecondTestNgClass -->
