<?xml version="1.0" encoding="UTF-8"?>
<!-- Generated by org.testng.reporters.JUnitReportReporter -->
<testsuite skipped="0" hostname="DESKTOP-6IT123O" name="may14.MultipleTimes" tests="3" failures="0" timestamp="01 Jul 2022 12:10:49 GMT" time="44.783" errors="0">
  <testcase name="validateLogin" time="20.227" classname="may14.MultipleTimes"/>
  <testcase name="validateLogin" time="11.791" classname="may14.MultipleTimes"/>
  <testcase name="validateLogin" time="12.765" classname="may14.MultipleTimes"/>
</testsuite> <!-- may14.MultipleTimes -->
