<?xml version="1.0" encoding="UTF-8"?>
<!-- Generated by org.testng.reporters.JUnitReportReporter -->
<testsuite skipped="0" hostname="DESKTOP-6IT123O" name="may14.Testadmin" tests="1" failures="0" timestamp="17 Oct 2022 17:31:30 GMT" time="10.141" errors="0">
  <testcase name="verifyTittle" time="10.141" classname="may14.Testadmin"/>
</testsuite> <!-- may14.Testadmin -->
