<?xml version="1.0" encoding="UTF-8"?>
<!-- Generated by org.testng.reporters.JUnitReportReporter -->
<testsuite skipped="0" hostname="DESKTOP-6IT123O" name="may16.FacebookParameters" tests="1" failures="0" timestamp="08 Sep 2022 04:23:53 GMT" time="13.073" errors="0">
  <testcase name="validatefacebook" time="13.073" classname="may16.FacebookParameters"/>
</testsuite> <!-- may16.FacebookParameters -->
