<?xml version="1.0" encoding="UTF-8"?>
<!-- Generated by org.testng.reporters.JUnitReportReporter -->
<testsuite skipped="0" hostname="DESKTOP-6IT123O" name="may14.Addcart" tests="1" failures="0" timestamp="17 Oct 2022 17:29:37 GMT" time="33.269" errors="0">
  <testcase name="addcart" time="33.269" classname="may14.Addcart"/>
</testsuite> <!-- may14.Addcart -->
